{"errorCode":"TOKEN_EXPIRED","level":"error","message":"Authentication failed: jwt expired","timestamp":"2025-06-07T13:26:40.716Z","token":"eyJhbGciOi..."}
{"level":"error","message":"Login failed for abhishekkumarsingh018@gmail: Invalid credentials","timestamp":"2025-06-07T13:27:24.977Z"}
{"level":"error","message":"Login failed for abhishekkumarsingh018@gmail: Invalid credentials","timestamp":"2025-06-07T13:27:26.696Z"}
{"level":"error","message":"Login failed for abhishekkumarsingh018@gmail: Invalid credentials","timestamp":"2025-06-07T13:27:28.447Z"}
{"level":"error","message":"Login failed for abhishekkumarsingh018@gmail: Invalid credentials","timestamp":"2025-06-07T13:27:28.644Z"}
{"level":"error","message":"Login failed for abhishekkumarsingh018@gmail: Invalid credentials","timestamp":"2025-06-07T13:27:28.828Z"}
{"level":"error","message":"Login failed for abhishekkumarsingh018@gmail: Invalid credentials","timestamp":"2025-06-07T13:27:29.010Z"}
{"level":"error","message":"Login failed for abhishekkumarsingh018@gmail: Invalid credentials","timestamp":"2025-06-07T13:27:29.305Z"}
{"level":"error","message":"Login failed for abhishekkumarsingh018@gmail: Invalid credentials","timestamp":"2025-06-07T13:27:29.971Z"}
{"level":"error","message":"Login failed for abhishekkumarsingh018@gmail: Invalid credentials","timestamp":"2025-06-07T13:27:30.151Z"}
{"level":"error","message":"Login failed for abhishekkumarsingh018@gmail: Invalid credentials","timestamp":"2025-06-07T13:27:30.330Z"}
{"level":"error","message":"Login failed for abhishekkumarsingh018@gmail: Invalid credentials","timestamp":"2025-06-07T13:27:30.496Z"}
{"level":"error","message":"Login failed for abhishekkumarsingh018@gmail: Invalid credentials","timestamp":"2025-06-07T13:27:30.676Z"}
{"level":"error","message":"Login failed for abhishekkumarsingh018@gmail: Invalid credentials","timestamp":"2025-06-07T13:27:30.871Z"}
{"level":"error","message":"Login failed for abhishekkumarsingh018@gmail: Invalid credentials","timestamp":"2025-06-07T13:27:31.067Z"}
{"level":"error","message":"Login failed for abhishekkumarsingh018@gmail: Invalid credentials","timestamp":"2025-06-07T13:27:31.285Z"}
{"level":"error","message":"Login failed for abhishekkumarsingh018@gmail: Invalid credentials","timestamp":"2025-06-07T13:27:31.486Z"}
{"level":"error","message":"Login failed for abhishekkumarsingh018@gmail: Invalid credentials","timestamp":"2025-06-07T13:27:41.051Z"}
{"errorCode":"MALFORMED_TOKEN","level":"error","message":"Authentication failed: jwt malformed","timestamp":"2025-06-07T15:59:46.483Z","token":"undefined..."}
{"level":"error","message":"Registration failed for abhishek1h4u9r41@gmail.com: User already exists","timestamp":"2025-06-07T16:00:30.259Z"}
{"level":"error","message":"Registration failed for abhishek@gmail.com: User already exists","timestamp":"2025-06-07T16:15:29.562Z"}
